2019-03-26 9:23:39 - PHP Warning:  mysqli::mysqli(): (HY000/1049): Unknown database 'shop' in E:\xampp\htdocs\demo\chucloud2019\3C\system\library\db\mysqli.php on line 7
2019-03-26 9:23:39 - PHP Warning:  DB\MySQLi::__construct(): Couldn't fetch mysqli in E:\xampp\htdocs\demo\chucloud2019\3C\system\library\db\mysqli.php on line 10
2019-03-26 9:23:39 - PHP Warning:  DB\MySQLi::__construct(): Couldn't fetch mysqli in E:\xampp\htdocs\demo\chucloud2019\3C\system\library\db\mysqli.php on line 10
2019-03-26 9:23:39 - PHP Notice:  Undefined variable: mysql in E:\xampp\htdocs\demo\chucloud2019\3C\install\controller\install\step_3.php on line 280
2019-03-26 9:23:39 - PHP Notice:  Trying to get property of non-object in E:\xampp\htdocs\demo\chucloud2019\3C\install\controller\install\step_3.php on line 280
2019-03-28 18:48:15 - PHP Notice:  Undefined index: series_id in E:\xampp\htdocs\demo\chucloud2019\3C\admin\controller\catalog\series.php on line 210
2019-03-28 18:48:15 - PHP Notice:  Undefined index: series_id in E:\xampp\htdocs\demo\chucloud2019\3C\admin\controller\catalog\series.php on line 213
2019-03-28 18:48:15 - PHP Notice:  Undefined index: series_id in E:\xampp\htdocs\demo\chucloud2019\3C\admin\controller\catalog\series.php on line 214
2019-03-28 18:48:15 - PHP Notice:  Undefined index: series_id in E:\xampp\htdocs\demo\chucloud2019\3C\admin\controller\catalog\series.php on line 210
2019-03-28 18:48:15 - PHP Notice:  Undefined index: series_id in E:\xampp\htdocs\demo\chucloud2019\3C\admin\controller\catalog\series.php on line 213
2019-03-28 18:48:15 - PHP Notice:  Undefined index: series_id in E:\xampp\htdocs\demo\chucloud2019\3C\admin\controller\catalog\series.php on line 214
2019-03-28 18:48:15 - PHP Notice:  Undefined index: series_id in E:\xampp\htdocs\demo\chucloud2019\3C\admin\controller\catalog\series.php on line 210
2019-03-28 18:48:15 - PHP Notice:  Undefined index: series_id in E:\xampp\htdocs\demo\chucloud2019\3C\admin\controller\catalog\series.php on line 213
2019-03-28 18:48:15 - PHP Notice:  Undefined index: series_id in E:\xampp\htdocs\demo\chucloud2019\3C\admin\controller\catalog\series.php on line 214
2019-03-28 18:48:15 - PHP Notice:  Undefined index: series_id in E:\xampp\htdocs\demo\chucloud2019\3C\admin\controller\catalog\series.php on line 210
2019-03-28 18:48:15 - PHP Notice:  Undefined index: series_id in E:\xampp\htdocs\demo\chucloud2019\3C\admin\controller\catalog\series.php on line 213
2019-03-28 18:48:15 - PHP Notice:  Undefined index: series_id in E:\xampp\htdocs\demo\chucloud2019\3C\admin\controller\catalog\series.php on line 214
2019-03-28 18:48:15 - PHP Notice:  Undefined index: series_id in E:\xampp\htdocs\demo\chucloud2019\3C\admin\controller\catalog\series.php on line 210
2019-03-28 18:48:15 - PHP Notice:  Undefined index: series_id in E:\xampp\htdocs\demo\chucloud2019\3C\admin\controller\catalog\series.php on line 213
2019-03-28 18:48:15 - PHP Notice:  Undefined index: series_id in E:\xampp\htdocs\demo\chucloud2019\3C\admin\controller\catalog\series.php on line 214
2019-03-28 18:48:15 - PHP Notice:  Undefined index: series_id in E:\xampp\htdocs\demo\chucloud2019\3C\admin\controller\catalog\series.php on line 210
2019-03-28 18:48:15 - PHP Notice:  Undefined index: series_id in E:\xampp\htdocs\demo\chucloud2019\3C\admin\controller\catalog\series.php on line 213
2019-03-28 18:48:15 - PHP Notice:  Undefined index: series_id in E:\xampp\htdocs\demo\chucloud2019\3C\admin\controller\catalog\series.php on line 214
2019-03-28 18:48:15 - PHP Notice:  Undefined index: series_id in E:\xampp\htdocs\demo\chucloud2019\3C\admin\controller\catalog\series.php on line 210
2019-03-28 18:48:15 - PHP Notice:  Undefined index: series_id in E:\xampp\htdocs\demo\chucloud2019\3C\admin\controller\catalog\series.php on line 213
2019-03-28 18:48:15 - PHP Notice:  Undefined index: series_id in E:\xampp\htdocs\demo\chucloud2019\3C\admin\controller\catalog\series.php on line 214
2019-03-28 18:48:15 - PHP Notice:  Undefined index: series_id in E:\xampp\htdocs\demo\chucloud2019\3C\admin\controller\catalog\series.php on line 210
2019-03-28 18:48:15 - PHP Notice:  Undefined index: series_id in E:\xampp\htdocs\demo\chucloud2019\3C\admin\controller\catalog\series.php on line 213
2019-03-28 18:48:15 - PHP Notice:  Undefined index: series_id in E:\xampp\htdocs\demo\chucloud2019\3C\admin\controller\catalog\series.php on line 214
2019-03-28 18:48:15 - PHP Notice:  Undefined index: series_id in E:\xampp\htdocs\demo\chucloud2019\3C\admin\controller\catalog\series.php on line 210
2019-03-28 18:48:15 - PHP Notice:  Undefined index: series_id in E:\xampp\htdocs\demo\chucloud2019\3C\admin\controller\catalog\series.php on line 213
2019-03-28 18:48:15 - PHP Notice:  Undefined index: series_id in E:\xampp\htdocs\demo\chucloud2019\3C\admin\controller\catalog\series.php on line 214
2019-03-28 18:48:15 - PHP Notice:  Undefined index: series_id in E:\xampp\htdocs\demo\chucloud2019\3C\admin\controller\catalog\series.php on line 210
2019-03-28 18:48:15 - PHP Notice:  Undefined index: series_id in E:\xampp\htdocs\demo\chucloud2019\3C\admin\controller\catalog\series.php on line 213
2019-03-28 18:48:15 - PHP Notice:  Undefined index: series_id in E:\xampp\htdocs\demo\chucloud2019\3C\admin\controller\catalog\series.php on line 214
2019-03-28 18:48:15 - PHP Notice:  Undefined index: series_id in E:\xampp\htdocs\demo\chucloud2019\3C\admin\controller\catalog\series.php on line 210
2019-03-28 18:48:15 - PHP Notice:  Undefined index: series_id in E:\xampp\htdocs\demo\chucloud2019\3C\admin\controller\catalog\series.php on line 213
2019-03-28 18:48:15 - PHP Notice:  Undefined index: series_id in E:\xampp\htdocs\demo\chucloud2019\3C\admin\controller\catalog\series.php on line 214
2019-03-28 18:48:15 - PHP Notice:  Undefined index: series_id in E:\xampp\htdocs\demo\chucloud2019\3C\admin\controller\catalog\series.php on line 210
2019-03-28 18:48:15 - PHP Notice:  Undefined index: series_id in E:\xampp\htdocs\demo\chucloud2019\3C\admin\controller\catalog\series.php on line 213
2019-03-28 18:48:15 - PHP Notice:  Undefined index: series_id in E:\xampp\htdocs\demo\chucloud2019\3C\admin\controller\catalog\series.php on line 214
2019-03-28 18:48:15 - PHP Notice:  Undefined index: series_id in E:\xampp\htdocs\demo\chucloud2019\3C\admin\controller\catalog\series.php on line 210
2019-03-28 18:48:15 - PHP Notice:  Undefined index: series_id in E:\xampp\htdocs\demo\chucloud2019\3C\admin\controller\catalog\series.php on line 213
2019-03-28 18:48:15 - PHP Notice:  Undefined index: series_id in E:\xampp\htdocs\demo\chucloud2019\3C\admin\controller\catalog\series.php on line 214
2019-03-28 18:48:15 - PHP Notice:  Undefined index: series_id in E:\xampp\htdocs\demo\chucloud2019\3C\admin\controller\catalog\series.php on line 210
2019-03-28 18:48:15 - PHP Notice:  Undefined index: series_id in E:\xampp\htdocs\demo\chucloud2019\3C\admin\controller\catalog\series.php on line 213
2019-03-28 18:48:15 - PHP Notice:  Undefined index: series_id in E:\xampp\htdocs\demo\chucloud2019\3C\admin\controller\catalog\series.php on line 214
2019-03-28 18:48:15 - PHP Notice:  Undefined index: series_id in E:\xampp\htdocs\demo\chucloud2019\3C\admin\controller\catalog\series.php on line 210
2019-03-28 18:48:15 - PHP Notice:  Undefined index: series_id in E:\xampp\htdocs\demo\chucloud2019\3C\admin\controller\catalog\series.php on line 213
2019-03-28 18:48:15 - PHP Notice:  Undefined index: series_id in E:\xampp\htdocs\demo\chucloud2019\3C\admin\controller\catalog\series.php on line 214
2019-03-28 18:48:15 - PHP Notice:  Undefined index: series_id in E:\xampp\htdocs\demo\chucloud2019\3C\admin\controller\catalog\series.php on line 210
2019-03-28 18:48:15 - PHP Notice:  Undefined index: series_id in E:\xampp\htdocs\demo\chucloud2019\3C\admin\controller\catalog\series.php on line 213
2019-03-28 18:48:15 - PHP Notice:  Undefined index: series_id in E:\xampp\htdocs\demo\chucloud2019\3C\admin\controller\catalog\series.php on line 214
2019-03-28 18:48:15 - PHP Notice:  Undefined index: series_id in E:\xampp\htdocs\demo\chucloud2019\3C\admin\controller\catalog\series.php on line 210
2019-03-28 18:48:15 - PHP Notice:  Undefined index: series_id in E:\xampp\htdocs\demo\chucloud2019\3C\admin\controller\catalog\series.php on line 213
2019-03-28 18:48:15 - PHP Notice:  Undefined index: series_id in E:\xampp\htdocs\demo\chucloud2019\3C\admin\controller\catalog\series.php on line 214
2019-03-28 18:48:15 - PHP Notice:  Undefined index: series_id in E:\xampp\htdocs\demo\chucloud2019\3C\admin\controller\catalog\series.php on line 210
2019-03-28 18:48:15 - PHP Notice:  Undefined index: series_id in E:\xampp\htdocs\demo\chucloud2019\3C\admin\controller\catalog\series.php on line 213
2019-03-28 18:48:15 - PHP Notice:  Undefined index: series_id in E:\xampp\htdocs\demo\chucloud2019\3C\admin\controller\catalog\series.php on line 214
2019-03-28 18:48:15 - PHP Notice:  Undefined index: series_id in E:\xampp\htdocs\demo\chucloud2019\3C\admin\controller\catalog\series.php on line 210
2019-03-28 18:48:15 - PHP Notice:  Undefined index: series_id in E:\xampp\htdocs\demo\chucloud2019\3C\admin\controller\catalog\series.php on line 213
2019-03-28 18:48:15 - PHP Notice:  Undefined index: series_id in E:\xampp\htdocs\demo\chucloud2019\3C\admin\controller\catalog\series.php on line 214
2019-03-28 18:48:15 - PHP Notice:  Undefined index: series_id in E:\xampp\htdocs\demo\chucloud2019\3C\admin\controller\catalog\series.php on line 210
2019-03-28 18:48:15 - PHP Notice:  Undefined index: series_id in E:\xampp\htdocs\demo\chucloud2019\3C\admin\controller\catalog\series.php on line 213
2019-03-28 18:48:15 - PHP Notice:  Undefined index: series_id in E:\xampp\htdocs\demo\chucloud2019\3C\admin\controller\catalog\series.php on line 214
2019-03-28 18:48:40 - PHP Notice:  Undefined index: series_id in E:\xampp\htdocs\demo\chucloud2019\3C\admin\controller\catalog\series.php on line 210
2019-03-28 18:48:40 - PHP Notice:  Undefined index: series_id in E:\xampp\htdocs\demo\chucloud2019\3C\admin\controller\catalog\series.php on line 213
2019-03-28 18:48:40 - PHP Notice:  Undefined index: series_id in E:\xampp\htdocs\demo\chucloud2019\3C\admin\controller\catalog\series.php on line 214
2019-03-28 18:48:40 - PHP Notice:  Undefined index: series_id in E:\xampp\htdocs\demo\chucloud2019\3C\admin\controller\catalog\series.php on line 210
2019-03-28 18:48:40 - PHP Notice:  Undefined index: series_id in E:\xampp\htdocs\demo\chucloud2019\3C\admin\controller\catalog\series.php on line 213
2019-03-28 18:48:40 - PHP Notice:  Undefined index: series_id in E:\xampp\htdocs\demo\chucloud2019\3C\admin\controller\catalog\series.php on line 214
2019-03-28 18:48:40 - PHP Notice:  Undefined index: series_id in E:\xampp\htdocs\demo\chucloud2019\3C\admin\controller\catalog\series.php on line 210
2019-03-28 18:48:40 - PHP Notice:  Undefined index: series_id in E:\xampp\htdocs\demo\chucloud2019\3C\admin\controller\catalog\series.php on line 213
2019-03-28 18:48:40 - PHP Notice:  Undefined index: series_id in E:\xampp\htdocs\demo\chucloud2019\3C\admin\controller\catalog\series.php on line 214
2019-03-28 18:48:40 - PHP Notice:  Undefined index: series_id in E:\xampp\htdocs\demo\chucloud2019\3C\admin\controller\catalog\series.php on line 210
2019-03-28 18:48:40 - PHP Notice:  Undefined index: series_id in E:\xampp\htdocs\demo\chucloud2019\3C\admin\controller\catalog\series.php on line 213
2019-03-28 18:48:40 - PHP Notice:  Undefined index: series_id in E:\xampp\htdocs\demo\chucloud2019\3C\admin\controller\catalog\series.php on line 214
2019-03-28 18:48:40 - PHP Notice:  Undefined index: series_id in E:\xampp\htdocs\demo\chucloud2019\3C\admin\controller\catalog\series.php on line 210
2019-03-28 18:48:40 - PHP Notice:  Undefined index: series_id in E:\xampp\htdocs\demo\chucloud2019\3C\admin\controller\catalog\series.php on line 213
2019-03-28 18:48:40 - PHP Notice:  Undefined index: series_id in E:\xampp\htdocs\demo\chucloud2019\3C\admin\controller\catalog\series.php on line 214
2019-03-28 18:48:40 - PHP Notice:  Undefined index: series_id in E:\xampp\htdocs\demo\chucloud2019\3C\admin\controller\catalog\series.php on line 210
2019-03-28 18:48:40 - PHP Notice:  Undefined index: series_id in E:\xampp\htdocs\demo\chucloud2019\3C\admin\controller\catalog\series.php on line 213
2019-03-28 18:48:40 - PHP Notice:  Undefined index: series_id in E:\xampp\htdocs\demo\chucloud2019\3C\admin\controller\catalog\series.php on line 214
2019-03-28 18:48:40 - PHP Notice:  Undefined index: series_id in E:\xampp\htdocs\demo\chucloud2019\3C\admin\controller\catalog\series.php on line 210
2019-03-28 18:48:40 - PHP Notice:  Undefined index: series_id in E:\xampp\htdocs\demo\chucloud2019\3C\admin\controller\catalog\series.php on line 213
2019-03-28 18:48:40 - PHP Notice:  Undefined index: series_id in E:\xampp\htdocs\demo\chucloud2019\3C\admin\controller\catalog\series.php on line 214
2019-03-28 18:48:40 - PHP Notice:  Undefined index: series_id in E:\xampp\htdocs\demo\chucloud2019\3C\admin\controller\catalog\series.php on line 210
2019-03-28 18:48:40 - PHP Notice:  Undefined index: series_id in E:\xampp\htdocs\demo\chucloud2019\3C\admin\controller\catalog\series.php on line 213
2019-03-28 18:48:40 - PHP Notice:  Undefined index: series_id in E:\xampp\htdocs\demo\chucloud2019\3C\admin\controller\catalog\series.php on line 214
2019-03-28 18:48:40 - PHP Notice:  Undefined index: series_id in E:\xampp\htdocs\demo\chucloud2019\3C\admin\controller\catalog\series.php on line 210
2019-03-28 18:48:40 - PHP Notice:  Undefined index: series_id in E:\xampp\htdocs\demo\chucloud2019\3C\admin\controller\catalog\series.php on line 213
2019-03-28 18:48:40 - PHP Notice:  Undefined index: series_id in E:\xampp\htdocs\demo\chucloud2019\3C\admin\controller\catalog\series.php on line 214
2019-03-28 18:48:40 - PHP Notice:  Undefined index: series_id in E:\xampp\htdocs\demo\chucloud2019\3C\admin\controller\catalog\series.php on line 210
2019-03-28 18:48:40 - PHP Notice:  Undefined index: series_id in E:\xampp\htdocs\demo\chucloud2019\3C\admin\controller\catalog\series.php on line 213
2019-03-28 18:48:40 - PHP Notice:  Undefined index: series_id in E:\xampp\htdocs\demo\chucloud2019\3C\admin\controller\catalog\series.php on line 214
2019-03-28 18:48:40 - PHP Notice:  Undefined index: series_id in E:\xampp\htdocs\demo\chucloud2019\3C\admin\controller\catalog\series.php on line 210
2019-03-28 18:48:40 - PHP Notice:  Undefined index: series_id in E:\xampp\htdocs\demo\chucloud2019\3C\admin\controller\catalog\series.php on line 213
2019-03-28 18:48:40 - PHP Notice:  Undefined index: series_id in E:\xampp\htdocs\demo\chucloud2019\3C\admin\controller\catalog\series.php on line 214
2019-03-28 18:48:40 - PHP Notice:  Undefined index: series_id in E:\xampp\htdocs\demo\chucloud2019\3C\admin\controller\catalog\series.php on line 210
2019-03-28 18:48:40 - PHP Notice:  Undefined index: series_id in E:\xampp\htdocs\demo\chucloud2019\3C\admin\controller\catalog\series.php on line 213
2019-03-28 18:48:40 - PHP Notice:  Undefined index: series_id in E:\xampp\htdocs\demo\chucloud2019\3C\admin\controller\catalog\series.php on line 214
2019-03-28 18:48:40 - PHP Notice:  Undefined index: series_id in E:\xampp\htdocs\demo\chucloud2019\3C\admin\controller\catalog\series.php on line 210
2019-03-28 18:48:40 - PHP Notice:  Undefined index: series_id in E:\xampp\htdocs\demo\chucloud2019\3C\admin\controller\catalog\series.php on line 213
2019-03-28 18:48:40 - PHP Notice:  Undefined index: series_id in E:\xampp\htdocs\demo\chucloud2019\3C\admin\controller\catalog\series.php on line 214
2019-03-28 18:48:40 - PHP Notice:  Undefined index: series_id in E:\xampp\htdocs\demo\chucloud2019\3C\admin\controller\catalog\series.php on line 210
2019-03-28 18:48:40 - PHP Notice:  Undefined index: series_id in E:\xampp\htdocs\demo\chucloud2019\3C\admin\controller\catalog\series.php on line 213
2019-03-28 18:48:40 - PHP Notice:  Undefined index: series_id in E:\xampp\htdocs\demo\chucloud2019\3C\admin\controller\catalog\series.php on line 214
2019-03-28 18:48:40 - PHP Notice:  Undefined index: series_id in E:\xampp\htdocs\demo\chucloud2019\3C\admin\controller\catalog\series.php on line 210
2019-03-28 18:48:40 - PHP Notice:  Undefined index: series_id in E:\xampp\htdocs\demo\chucloud2019\3C\admin\controller\catalog\series.php on line 213
2019-03-28 18:48:40 - PHP Notice:  Undefined index: series_id in E:\xampp\htdocs\demo\chucloud2019\3C\admin\controller\catalog\series.php on line 214
2019-03-28 18:48:40 - PHP Notice:  Undefined index: series_id in E:\xampp\htdocs\demo\chucloud2019\3C\admin\controller\catalog\series.php on line 210
2019-03-28 18:48:40 - PHP Notice:  Undefined index: series_id in E:\xampp\htdocs\demo\chucloud2019\3C\admin\controller\catalog\series.php on line 213
2019-03-28 18:48:40 - PHP Notice:  Undefined index: series_id in E:\xampp\htdocs\demo\chucloud2019\3C\admin\controller\catalog\series.php on line 214
2019-03-28 18:48:40 - PHP Notice:  Undefined index: series_id in E:\xampp\htdocs\demo\chucloud2019\3C\admin\controller\catalog\series.php on line 210
2019-03-28 18:48:40 - PHP Notice:  Undefined index: series_id in E:\xampp\htdocs\demo\chucloud2019\3C\admin\controller\catalog\series.php on line 213
2019-03-28 18:48:40 - PHP Notice:  Undefined index: series_id in E:\xampp\htdocs\demo\chucloud2019\3C\admin\controller\catalog\series.php on line 214
2019-03-28 18:48:40 - PHP Notice:  Undefined index: series_id in E:\xampp\htdocs\demo\chucloud2019\3C\admin\controller\catalog\series.php on line 210
2019-03-28 18:48:40 - PHP Notice:  Undefined index: series_id in E:\xampp\htdocs\demo\chucloud2019\3C\admin\controller\catalog\series.php on line 213
2019-03-28 18:48:40 - PHP Notice:  Undefined index: series_id in E:\xampp\htdocs\demo\chucloud2019\3C\admin\controller\catalog\series.php on line 214
2019-03-28 18:48:40 - PHP Notice:  Undefined index: series_id in E:\xampp\htdocs\demo\chucloud2019\3C\admin\controller\catalog\series.php on line 210
2019-03-28 18:48:40 - PHP Notice:  Undefined index: series_id in E:\xampp\htdocs\demo\chucloud2019\3C\admin\controller\catalog\series.php on line 213
2019-03-28 18:48:40 - PHP Notice:  Undefined index: series_id in E:\xampp\htdocs\demo\chucloud2019\3C\admin\controller\catalog\series.php on line 214
2019-03-28 18:48:40 - PHP Notice:  Undefined index: series_id in E:\xampp\htdocs\demo\chucloud2019\3C\admin\controller\catalog\series.php on line 210
2019-03-28 18:48:40 - PHP Notice:  Undefined index: series_id in E:\xampp\htdocs\demo\chucloud2019\3C\admin\controller\catalog\series.php on line 213
2019-03-28 18:48:40 - PHP Notice:  Undefined index: series_id in E:\xampp\htdocs\demo\chucloud2019\3C\admin\controller\catalog\series.php on line 214
2019-03-28 18:53:47 - PHP Notice:  Undefined index: series_id in E:\xampp\htdocs\demo\chucloud2019\3C\admin\controller\catalog\series.php on line 210
2019-03-28 18:53:47 - PHP Notice:  Undefined index: series_id in E:\xampp\htdocs\demo\chucloud2019\3C\admin\controller\catalog\series.php on line 213
2019-03-28 18:53:47 - PHP Notice:  Undefined index: series_id in E:\xampp\htdocs\demo\chucloud2019\3C\admin\controller\catalog\series.php on line 214
2019-03-28 18:53:47 - PHP Notice:  Undefined index: series_id in E:\xampp\htdocs\demo\chucloud2019\3C\admin\controller\catalog\series.php on line 210
2019-03-28 18:53:47 - PHP Notice:  Undefined index: series_id in E:\xampp\htdocs\demo\chucloud2019\3C\admin\controller\catalog\series.php on line 213
2019-03-28 18:53:47 - PHP Notice:  Undefined index: series_id in E:\xampp\htdocs\demo\chucloud2019\3C\admin\controller\catalog\series.php on line 214
2019-03-28 18:53:47 - PHP Notice:  Undefined index: series_id in E:\xampp\htdocs\demo\chucloud2019\3C\admin\controller\catalog\series.php on line 210
2019-03-28 18:53:47 - PHP Notice:  Undefined index: series_id in E:\xampp\htdocs\demo\chucloud2019\3C\admin\controller\catalog\series.php on line 213
2019-03-28 18:53:47 - PHP Notice:  Undefined index: series_id in E:\xampp\htdocs\demo\chucloud2019\3C\admin\controller\catalog\series.php on line 214
2019-03-28 18:53:47 - PHP Notice:  Undefined index: series_id in E:\xampp\htdocs\demo\chucloud2019\3C\admin\controller\catalog\series.php on line 210
2019-03-28 18:53:47 - PHP Notice:  Undefined index: series_id in E:\xampp\htdocs\demo\chucloud2019\3C\admin\controller\catalog\series.php on line 213
2019-03-28 18:53:47 - PHP Notice:  Undefined index: series_id in E:\xampp\htdocs\demo\chucloud2019\3C\admin\controller\catalog\series.php on line 214
2019-03-28 18:53:47 - PHP Notice:  Undefined index: series_id in E:\xampp\htdocs\demo\chucloud2019\3C\admin\controller\catalog\series.php on line 210
2019-03-28 18:53:47 - PHP Notice:  Undefined index: series_id in E:\xampp\htdocs\demo\chucloud2019\3C\admin\controller\catalog\series.php on line 213
2019-03-28 18:53:47 - PHP Notice:  Undefined index: series_id in E:\xampp\htdocs\demo\chucloud2019\3C\admin\controller\catalog\series.php on line 214
2019-03-28 18:53:47 - PHP Notice:  Undefined index: series_id in E:\xampp\htdocs\demo\chucloud2019\3C\admin\controller\catalog\series.php on line 210
2019-03-28 18:53:47 - PHP Notice:  Undefined index: series_id in E:\xampp\htdocs\demo\chucloud2019\3C\admin\controller\catalog\series.php on line 213
2019-03-28 18:53:47 - PHP Notice:  Undefined index: series_id in E:\xampp\htdocs\demo\chucloud2019\3C\admin\controller\catalog\series.php on line 214
2019-03-28 18:53:47 - PHP Notice:  Undefined index: series_id in E:\xampp\htdocs\demo\chucloud2019\3C\admin\controller\catalog\series.php on line 210
2019-03-28 18:53:47 - PHP Notice:  Undefined index: series_id in E:\xampp\htdocs\demo\chucloud2019\3C\admin\controller\catalog\series.php on line 213
2019-03-28 18:53:47 - PHP Notice:  Undefined index: series_id in E:\xampp\htdocs\demo\chucloud2019\3C\admin\controller\catalog\series.php on line 214
2019-03-28 18:53:47 - PHP Notice:  Undefined index: series_id in E:\xampp\htdocs\demo\chucloud2019\3C\admin\controller\catalog\series.php on line 210
2019-03-28 18:53:47 - PHP Notice:  Undefined index: series_id in E:\xampp\htdocs\demo\chucloud2019\3C\admin\controller\catalog\series.php on line 213
2019-03-28 18:53:47 - PHP Notice:  Undefined index: series_id in E:\xampp\htdocs\demo\chucloud2019\3C\admin\controller\catalog\series.php on line 214
2019-03-28 18:53:47 - PHP Notice:  Undefined index: series_id in E:\xampp\htdocs\demo\chucloud2019\3C\admin\controller\catalog\series.php on line 210
2019-03-28 18:53:47 - PHP Notice:  Undefined index: series_id in E:\xampp\htdocs\demo\chucloud2019\3C\admin\controller\catalog\series.php on line 213
2019-03-28 18:53:47 - PHP Notice:  Undefined index: series_id in E:\xampp\htdocs\demo\chucloud2019\3C\admin\controller\catalog\series.php on line 214
2019-03-28 18:53:47 - PHP Notice:  Undefined index: series_id in E:\xampp\htdocs\demo\chucloud2019\3C\admin\controller\catalog\series.php on line 210
2019-03-28 18:53:47 - PHP Notice:  Undefined index: series_id in E:\xampp\htdocs\demo\chucloud2019\3C\admin\controller\catalog\series.php on line 213
2019-03-28 18:53:47 - PHP Notice:  Undefined index: series_id in E:\xampp\htdocs\demo\chucloud2019\3C\admin\controller\catalog\series.php on line 214
2019-03-28 18:53:47 - PHP Notice:  Undefined index: series_id in E:\xampp\htdocs\demo\chucloud2019\3C\admin\controller\catalog\series.php on line 210
2019-03-28 18:53:47 - PHP Notice:  Undefined index: series_id in E:\xampp\htdocs\demo\chucloud2019\3C\admin\controller\catalog\series.php on line 213
2019-03-28 18:53:47 - PHP Notice:  Undefined index: series_id in E:\xampp\htdocs\demo\chucloud2019\3C\admin\controller\catalog\series.php on line 214
2019-03-28 18:53:47 - PHP Notice:  Undefined index: series_id in E:\xampp\htdocs\demo\chucloud2019\3C\admin\controller\catalog\series.php on line 210
2019-03-28 18:53:47 - PHP Notice:  Undefined index: series_id in E:\xampp\htdocs\demo\chucloud2019\3C\admin\controller\catalog\series.php on line 213
2019-03-28 18:53:47 - PHP Notice:  Undefined index: series_id in E:\xampp\htdocs\demo\chucloud2019\3C\admin\controller\catalog\series.php on line 214
2019-03-28 18:53:47 - PHP Notice:  Undefined index: series_id in E:\xampp\htdocs\demo\chucloud2019\3C\admin\controller\catalog\series.php on line 210
2019-03-28 18:53:47 - PHP Notice:  Undefined index: series_id in E:\xampp\htdocs\demo\chucloud2019\3C\admin\controller\catalog\series.php on line 213
2019-03-28 18:53:47 - PHP Notice:  Undefined index: series_id in E:\xampp\htdocs\demo\chucloud2019\3C\admin\controller\catalog\series.php on line 214
2019-03-28 18:53:47 - PHP Notice:  Undefined index: series_id in E:\xampp\htdocs\demo\chucloud2019\3C\admin\controller\catalog\series.php on line 210
2019-03-28 18:53:47 - PHP Notice:  Undefined index: series_id in E:\xampp\htdocs\demo\chucloud2019\3C\admin\controller\catalog\series.php on line 213
2019-03-28 18:53:47 - PHP Notice:  Undefined index: series_id in E:\xampp\htdocs\demo\chucloud2019\3C\admin\controller\catalog\series.php on line 214
2019-03-28 18:53:47 - PHP Notice:  Undefined index: series_id in E:\xampp\htdocs\demo\chucloud2019\3C\admin\controller\catalog\series.php on line 210
2019-03-28 18:53:47 - PHP Notice:  Undefined index: series_id in E:\xampp\htdocs\demo\chucloud2019\3C\admin\controller\catalog\series.php on line 213
2019-03-28 18:53:47 - PHP Notice:  Undefined index: series_id in E:\xampp\htdocs\demo\chucloud2019\3C\admin\controller\catalog\series.php on line 214
2019-03-28 18:53:47 - PHP Notice:  Undefined index: series_id in E:\xampp\htdocs\demo\chucloud2019\3C\admin\controller\catalog\series.php on line 210
2019-03-28 18:53:47 - PHP Notice:  Undefined index: series_id in E:\xampp\htdocs\demo\chucloud2019\3C\admin\controller\catalog\series.php on line 213
2019-03-28 18:53:47 - PHP Notice:  Undefined index: series_id in E:\xampp\htdocs\demo\chucloud2019\3C\admin\controller\catalog\series.php on line 214
2019-03-28 18:53:47 - PHP Notice:  Undefined index: series_id in E:\xampp\htdocs\demo\chucloud2019\3C\admin\controller\catalog\series.php on line 210
2019-03-28 18:53:47 - PHP Notice:  Undefined index: series_id in E:\xampp\htdocs\demo\chucloud2019\3C\admin\controller\catalog\series.php on line 213
2019-03-28 18:53:47 - PHP Notice:  Undefined index: series_id in E:\xampp\htdocs\demo\chucloud2019\3C\admin\controller\catalog\series.php on line 214
2019-03-28 18:53:47 - PHP Notice:  Undefined index: series_id in E:\xampp\htdocs\demo\chucloud2019\3C\admin\controller\catalog\series.php on line 210
2019-03-28 18:53:47 - PHP Notice:  Undefined index: series_id in E:\xampp\htdocs\demo\chucloud2019\3C\admin\controller\catalog\series.php on line 213
2019-03-28 18:53:47 - PHP Notice:  Undefined index: series_id in E:\xampp\htdocs\demo\chucloud2019\3C\admin\controller\catalog\series.php on line 214
2019-03-28 18:53:47 - PHP Notice:  Undefined index: series_id in E:\xampp\htdocs\demo\chucloud2019\3C\admin\controller\catalog\series.php on line 210
2019-03-28 18:53:47 - PHP Notice:  Undefined index: series_id in E:\xampp\htdocs\demo\chucloud2019\3C\admin\controller\catalog\series.php on line 213
2019-03-28 18:53:47 - PHP Notice:  Undefined index: series_id in E:\xampp\htdocs\demo\chucloud2019\3C\admin\controller\catalog\series.php on line 214
2019-03-28 18:53:47 - PHP Notice:  Undefined index: series_id in E:\xampp\htdocs\demo\chucloud2019\3C\admin\controller\catalog\series.php on line 210
2019-03-28 18:53:47 - PHP Notice:  Undefined index: series_id in E:\xampp\htdocs\demo\chucloud2019\3C\admin\controller\catalog\series.php on line 213
2019-03-28 18:53:47 - PHP Notice:  Undefined index: series_id in E:\xampp\htdocs\demo\chucloud2019\3C\admin\controller\catalog\series.php on line 214
2019-03-29 17:07:16 - PHP Notice:  Undefined index: serie_id in E:\xampp\htdocs\demo\chucloud2019\3C-master\admin\controller\catalog\serie.php on line 210
2019-03-29 17:07:16 - PHP Notice:  Undefined index: serie_id in E:\xampp\htdocs\demo\chucloud2019\3C-master\admin\controller\catalog\serie.php on line 213
2019-03-29 17:07:16 - PHP Notice:  Undefined index: serie_id in E:\xampp\htdocs\demo\chucloud2019\3C-master\admin\controller\catalog\serie.php on line 214
2019-03-29 17:07:16 - PHP Notice:  Undefined index: serie_id in E:\xampp\htdocs\demo\chucloud2019\3C-master\admin\controller\catalog\serie.php on line 210
2019-03-29 17:07:16 - PHP Notice:  Undefined index: serie_id in E:\xampp\htdocs\demo\chucloud2019\3C-master\admin\controller\catalog\serie.php on line 213
2019-03-29 17:07:16 - PHP Notice:  Undefined index: serie_id in E:\xampp\htdocs\demo\chucloud2019\3C-master\admin\controller\catalog\serie.php on line 214
2019-03-29 17:07:16 - PHP Notice:  Undefined index: serie_id in E:\xampp\htdocs\demo\chucloud2019\3C-master\admin\controller\catalog\serie.php on line 210
2019-03-29 17:07:16 - PHP Notice:  Undefined index: serie_id in E:\xampp\htdocs\demo\chucloud2019\3C-master\admin\controller\catalog\serie.php on line 213
2019-03-29 17:07:16 - PHP Notice:  Undefined index: serie_id in E:\xampp\htdocs\demo\chucloud2019\3C-master\admin\controller\catalog\serie.php on line 214
2019-03-29 17:07:16 - PHP Notice:  Undefined index: serie_id in E:\xampp\htdocs\demo\chucloud2019\3C-master\admin\controller\catalog\serie.php on line 210
2019-03-29 17:07:16 - PHP Notice:  Undefined index: serie_id in E:\xampp\htdocs\demo\chucloud2019\3C-master\admin\controller\catalog\serie.php on line 213
2019-03-29 17:07:16 - PHP Notice:  Undefined index: serie_id in E:\xampp\htdocs\demo\chucloud2019\3C-master\admin\controller\catalog\serie.php on line 214
2019-03-29 17:07:16 - PHP Notice:  Undefined index: serie_id in E:\xampp\htdocs\demo\chucloud2019\3C-master\admin\controller\catalog\serie.php on line 210
2019-03-29 17:07:16 - PHP Notice:  Undefined index: serie_id in E:\xampp\htdocs\demo\chucloud2019\3C-master\admin\controller\catalog\serie.php on line 213
2019-03-29 17:07:16 - PHP Notice:  Undefined index: serie_id in E:\xampp\htdocs\demo\chucloud2019\3C-master\admin\controller\catalog\serie.php on line 214
2019-03-29 17:07:16 - PHP Notice:  Undefined index: serie_id in E:\xampp\htdocs\demo\chucloud2019\3C-master\admin\controller\catalog\serie.php on line 210
2019-03-29 17:07:16 - PHP Notice:  Undefined index: serie_id in E:\xampp\htdocs\demo\chucloud2019\3C-master\admin\controller\catalog\serie.php on line 213
2019-03-29 17:07:16 - PHP Notice:  Undefined index: serie_id in E:\xampp\htdocs\demo\chucloud2019\3C-master\admin\controller\catalog\serie.php on line 214
2019-03-29 17:07:16 - PHP Notice:  Undefined index: serie_id in E:\xampp\htdocs\demo\chucloud2019\3C-master\admin\controller\catalog\serie.php on line 210
2019-03-29 17:07:16 - PHP Notice:  Undefined index: serie_id in E:\xampp\htdocs\demo\chucloud2019\3C-master\admin\controller\catalog\serie.php on line 213
2019-03-29 17:07:16 - PHP Notice:  Undefined index: serie_id in E:\xampp\htdocs\demo\chucloud2019\3C-master\admin\controller\catalog\serie.php on line 214
2019-03-29 17:07:16 - PHP Notice:  Undefined index: serie_id in E:\xampp\htdocs\demo\chucloud2019\3C-master\admin\controller\catalog\serie.php on line 210
2019-03-29 17:07:16 - PHP Notice:  Undefined index: serie_id in E:\xampp\htdocs\demo\chucloud2019\3C-master\admin\controller\catalog\serie.php on line 213
2019-03-29 17:07:16 - PHP Notice:  Undefined index: serie_id in E:\xampp\htdocs\demo\chucloud2019\3C-master\admin\controller\catalog\serie.php on line 214
2019-03-29 17:07:16 - PHP Notice:  Undefined index: serie_id in E:\xampp\htdocs\demo\chucloud2019\3C-master\admin\controller\catalog\serie.php on line 210
2019-03-29 17:07:16 - PHP Notice:  Undefined index: serie_id in E:\xampp\htdocs\demo\chucloud2019\3C-master\admin\controller\catalog\serie.php on line 213
2019-03-29 17:07:16 - PHP Notice:  Undefined index: serie_id in E:\xampp\htdocs\demo\chucloud2019\3C-master\admin\controller\catalog\serie.php on line 214
2019-03-29 17:07:16 - PHP Notice:  Undefined index: serie_id in E:\xampp\htdocs\demo\chucloud2019\3C-master\admin\controller\catalog\serie.php on line 210
2019-03-29 17:07:16 - PHP Notice:  Undefined index: serie_id in E:\xampp\htdocs\demo\chucloud2019\3C-master\admin\controller\catalog\serie.php on line 213
2019-03-29 17:07:16 - PHP Notice:  Undefined index: serie_id in E:\xampp\htdocs\demo\chucloud2019\3C-master\admin\controller\catalog\serie.php on line 214
2019-03-29 17:07:16 - PHP Notice:  Undefined index: serie_id in E:\xampp\htdocs\demo\chucloud2019\3C-master\admin\controller\catalog\serie.php on line 210
2019-03-29 17:07:16 - PHP Notice:  Undefined index: serie_id in E:\xampp\htdocs\demo\chucloud2019\3C-master\admin\controller\catalog\serie.php on line 213
2019-03-29 17:07:16 - PHP Notice:  Undefined index: serie_id in E:\xampp\htdocs\demo\chucloud2019\3C-master\admin\controller\catalog\serie.php on line 214
2019-03-29 17:07:16 - PHP Notice:  Undefined index: serie_id in E:\xampp\htdocs\demo\chucloud2019\3C-master\admin\controller\catalog\serie.php on line 210
2019-03-29 17:07:16 - PHP Notice:  Undefined index: serie_id in E:\xampp\htdocs\demo\chucloud2019\3C-master\admin\controller\catalog\serie.php on line 213
2019-03-29 17:07:16 - PHP Notice:  Undefined index: serie_id in E:\xampp\htdocs\demo\chucloud2019\3C-master\admin\controller\catalog\serie.php on line 214
2019-03-29 17:07:16 - PHP Notice:  Undefined index: serie_id in E:\xampp\htdocs\demo\chucloud2019\3C-master\admin\controller\catalog\serie.php on line 210
2019-03-29 17:07:16 - PHP Notice:  Undefined index: serie_id in E:\xampp\htdocs\demo\chucloud2019\3C-master\admin\controller\catalog\serie.php on line 213
2019-03-29 17:07:16 - PHP Notice:  Undefined index: serie_id in E:\xampp\htdocs\demo\chucloud2019\3C-master\admin\controller\catalog\serie.php on line 214
2019-03-29 17:07:16 - PHP Notice:  Undefined index: serie_id in E:\xampp\htdocs\demo\chucloud2019\3C-master\admin\controller\catalog\serie.php on line 210
2019-03-29 17:07:16 - PHP Notice:  Undefined index: serie_id in E:\xampp\htdocs\demo\chucloud2019\3C-master\admin\controller\catalog\serie.php on line 213
2019-03-29 17:07:16 - PHP Notice:  Undefined index: serie_id in E:\xampp\htdocs\demo\chucloud2019\3C-master\admin\controller\catalog\serie.php on line 214
2019-03-29 17:07:16 - PHP Notice:  Undefined index: serie_id in E:\xampp\htdocs\demo\chucloud2019\3C-master\admin\controller\catalog\serie.php on line 210
2019-03-29 17:07:16 - PHP Notice:  Undefined index: serie_id in E:\xampp\htdocs\demo\chucloud2019\3C-master\admin\controller\catalog\serie.php on line 213
2019-03-29 17:07:16 - PHP Notice:  Undefined index: serie_id in E:\xampp\htdocs\demo\chucloud2019\3C-master\admin\controller\catalog\serie.php on line 214
2019-03-29 17:07:16 - PHP Notice:  Undefined index: serie_id in E:\xampp\htdocs\demo\chucloud2019\3C-master\admin\controller\catalog\serie.php on line 210
2019-03-29 17:07:16 - PHP Notice:  Undefined index: serie_id in E:\xampp\htdocs\demo\chucloud2019\3C-master\admin\controller\catalog\serie.php on line 213
2019-03-29 17:07:16 - PHP Notice:  Undefined index: serie_id in E:\xampp\htdocs\demo\chucloud2019\3C-master\admin\controller\catalog\serie.php on line 214
2019-03-29 17:07:16 - PHP Notice:  Undefined index: serie_id in E:\xampp\htdocs\demo\chucloud2019\3C-master\admin\controller\catalog\serie.php on line 210
2019-03-29 17:07:16 - PHP Notice:  Undefined index: serie_id in E:\xampp\htdocs\demo\chucloud2019\3C-master\admin\controller\catalog\serie.php on line 213
2019-03-29 17:07:16 - PHP Notice:  Undefined index: serie_id in E:\xampp\htdocs\demo\chucloud2019\3C-master\admin\controller\catalog\serie.php on line 214
2019-03-29 17:07:16 - PHP Notice:  Undefined index: serie_id in E:\xampp\htdocs\demo\chucloud2019\3C-master\admin\controller\catalog\serie.php on line 210
2019-03-29 17:07:16 - PHP Notice:  Undefined index: serie_id in E:\xampp\htdocs\demo\chucloud2019\3C-master\admin\controller\catalog\serie.php on line 213
2019-03-29 17:07:16 - PHP Notice:  Undefined index: serie_id in E:\xampp\htdocs\demo\chucloud2019\3C-master\admin\controller\catalog\serie.php on line 214
2019-03-29 17:07:16 - PHP Notice:  Undefined index: serie_id in E:\xampp\htdocs\demo\chucloud2019\3C-master\admin\controller\catalog\serie.php on line 210
2019-03-29 17:07:16 - PHP Notice:  Undefined index: serie_id in E:\xampp\htdocs\demo\chucloud2019\3C-master\admin\controller\catalog\serie.php on line 213
2019-03-29 17:07:16 - PHP Notice:  Undefined index: serie_id in E:\xampp\htdocs\demo\chucloud2019\3C-master\admin\controller\catalog\serie.php on line 214
2019-03-29 17:07:16 - PHP Notice:  Undefined index: serie_id in E:\xampp\htdocs\demo\chucloud2019\3C-master\admin\controller\catalog\serie.php on line 210
2019-03-29 17:07:16 - PHP Notice:  Undefined index: serie_id in E:\xampp\htdocs\demo\chucloud2019\3C-master\admin\controller\catalog\serie.php on line 213
2019-03-29 17:07:16 - PHP Notice:  Undefined index: serie_id in E:\xampp\htdocs\demo\chucloud2019\3C-master\admin\controller\catalog\serie.php on line 214
2019-03-29 17:59:30 - PHP Notice:  Undefined index: serie_description in E:\xampp\htdocs\demo\chucloud2019\3C-master\admin\controller\catalog\serie.php on line 520
2019-03-29 17:59:30 - PHP Warning:  Invalid argument supplied for foreach() in E:\xampp\htdocs\demo\chucloud2019\3C-master\admin\controller\catalog\serie.php on line 520
2019-03-29 17:59:30 - PHP Notice:  Undefined index: serie_seo_url in E:\xampp\htdocs\demo\chucloud2019\3C-master\admin\controller\catalog\serie.php on line 542
2019-03-29 17:59:30 - PHP Notice:  Undefined index: serie_description in E:\xampp\htdocs\demo\chucloud2019\3C-master\admin\model\catalog\serie.php on line 12
2019-03-29 17:59:30 - PHP Warning:  Invalid argument supplied for foreach() in E:\xampp\htdocs\demo\chucloud2019\3C-master\admin\model\catalog\serie.php on line 12
2019-03-29 18:00:23 - PHP Notice:  Undefined index: serie_description in E:\xampp\htdocs\demo\chucloud2019\3C-master\admin\controller\catalog\serie.php on line 520
2019-03-29 18:00:23 - PHP Warning:  Invalid argument supplied for foreach() in E:\xampp\htdocs\demo\chucloud2019\3C-master\admin\controller\catalog\serie.php on line 520
2019-03-29 18:00:23 - PHP Notice:  Undefined index: serie_seo_url in E:\xampp\htdocs\demo\chucloud2019\3C-master\admin\controller\catalog\serie.php on line 542
2019-03-29 18:00:23 - PHP Notice:  Undefined index: serie_description in E:\xampp\htdocs\demo\chucloud2019\3C-master\admin\model\catalog\serie.php on line 12
2019-03-29 18:00:23 - PHP Warning:  Invalid argument supplied for foreach() in E:\xampp\htdocs\demo\chucloud2019\3C-master\admin\model\catalog\serie.php on line 12
2019-03-29 18:13:15 - PHP Notice:  Undefined index: serie_description in E:\xampp\htdocs\demo\chucloud2019\3C-master\admin\controller\catalog\serie.php on line 520
2019-03-29 18:13:15 - PHP Warning:  Invalid argument supplied for foreach() in E:\xampp\htdocs\demo\chucloud2019\3C-master\admin\controller\catalog\serie.php on line 520
2019-03-29 18:13:15 - PHP Notice:  Undefined index: serie_seo_url in E:\xampp\htdocs\demo\chucloud2019\3C-master\admin\controller\catalog\serie.php on line 542
2019-03-29 18:13:15 - PHP Notice:  Undefined index: serie_description in E:\xampp\htdocs\demo\chucloud2019\3C-master\admin\model\catalog\serie.php on line 12
2019-03-29 18:13:15 - PHP Warning:  Invalid argument supplied for foreach() in E:\xampp\htdocs\demo\chucloud2019\3C-master\admin\model\catalog\serie.php on line 12
2019-03-29 18:17:01 - PHP Notice:  Undefined index: serie_description in E:\xampp\htdocs\demo\chucloud2019\3C-master\admin\controller\catalog\serie.php on line 524
2019-03-29 18:17:01 - PHP Warning:  Invalid argument supplied for foreach() in E:\xampp\htdocs\demo\chucloud2019\3C-master\admin\controller\catalog\serie.php on line 524
2019-03-29 18:17:01 - PHP Notice:  Undefined index: serie_seo_url in E:\xampp\htdocs\demo\chucloud2019\3C-master\admin\controller\catalog\serie.php on line 546
2019-03-29 18:17:01 - PHP Notice:  Undefined index: serie_description in E:\xampp\htdocs\demo\chucloud2019\3C-master\admin\model\catalog\serie.php on line 12
2019-03-29 18:17:01 - PHP Warning:  Invalid argument supplied for foreach() in E:\xampp\htdocs\demo\chucloud2019\3C-master\admin\model\catalog\serie.php on line 12
